[0.010s] Invoking command in '/ros_ws/build/turtlebot3_node': CMAKE_PREFIX_PATH=/ros_ws/install/turtlebot3_msgs:/ros_ws/install/turtlebot3:/ros_ws/install/turtlebot3_simulations:/ros_ws/install/turtlebot3_bringup:/ros_ws/install/turtlebot3_node:/ros_ws/install/turtlebot3_navigation2:/ros_ws/install/turtlebot3_fake_node:/ros_ws/install/turtlebot3_manipulation_gazebo:/ros_ws/install/turtlebot3_gazebo:/ros_ws/install/turtlebot3_description:/ros_ws/install/turtlebot3_cartographer:/ros_ws/install/turtlebot3_teleop:/ros_ws/install/turtlebot3_example:/ros_ws/install/robot_navigation:/opt/ros/humble /usr/bin/cmake --build /ros_ws/build/turtlebot3_node
[0.080s] [ 85%] Built target turtlebot3_node_lib
[0.123s] [100%] Built target turtlebot3_ros
[0.143s] Invoked command in '/ros_ws/build/turtlebot3_node' returned '0': CMAKE_PREFIX_PATH=/ros_ws/install/turtlebot3_msgs:/ros_ws/install/turtlebot3:/ros_ws/install/turtlebot3_simulations:/ros_ws/install/turtlebot3_bringup:/ros_ws/install/turtlebot3_node:/ros_ws/install/turtlebot3_navigation2:/ros_ws/install/turtlebot3_fake_node:/ros_ws/install/turtlebot3_manipulation_gazebo:/ros_ws/install/turtlebot3_gazebo:/ros_ws/install/turtlebot3_description:/ros_ws/install/turtlebot3_cartographer:/ros_ws/install/turtlebot3_teleop:/ros_ws/install/turtlebot3_example:/ros_ws/install/robot_navigation:/opt/ros/humble /usr/bin/cmake --build /ros_ws/build/turtlebot3_node
[0.145s] Invoking command in '/ros_ws/build/turtlebot3_node': CMAKE_PREFIX_PATH=/ros_ws/install/turtlebot3_msgs:/ros_ws/install/turtlebot3:/ros_ws/install/turtlebot3_simulations:/ros_ws/install/turtlebot3_bringup:/ros_ws/install/turtlebot3_node:/ros_ws/install/turtlebot3_navigation2:/ros_ws/install/turtlebot3_fake_node:/ros_ws/install/turtlebot3_manipulation_gazebo:/ros_ws/install/turtlebot3_gazebo:/ros_ws/install/turtlebot3_description:/ros_ws/install/turtlebot3_cartographer:/ros_ws/install/turtlebot3_teleop:/ros_ws/install/turtlebot3_example:/ros_ws/install/robot_navigation:/opt/ros/humble /usr/bin/cmake --install /ros_ws/build/turtlebot3_node
[0.158s] -- Install configuration: ""
[0.159s] -- Execute custom install script
[0.159s] -- Up-to-date symlink: /ros_ws/install/turtlebot3_node/share/turtlebot3_node/param/burger.yaml
[0.160s] -- Up-to-date symlink: /ros_ws/install/turtlebot3_node/share/turtlebot3_node/param/waffle.yaml
[0.160s] -- Up-to-date symlink: /ros_ws/install/turtlebot3_node/share/turtlebot3_node/param/waffle_pi.yaml
[0.160s] -- Up-to-date symlink: /ros_ws/install/turtlebot3_node/lib/turtlebot3_node/turtlebot3_ros
[0.160s] -- Up-to-date symlink: /ros_ws/install/turtlebot3_node/share/ament_index/resource_index/package_run_dependencies/turtlebot3_node
[0.160s] -- Up-to-date symlink: /ros_ws/install/turtlebot3_node/share/ament_index/resource_index/parent_prefix_path/turtlebot3_node
[0.161s] -- Up-to-date symlink: /ros_ws/install/turtlebot3_node/share/turtlebot3_node/environment/ament_prefix_path.sh
[0.161s] -- Up-to-date symlink: /ros_ws/install/turtlebot3_node/share/turtlebot3_node/environment/ament_prefix_path.dsv
[0.161s] -- Up-to-date symlink: /ros_ws/install/turtlebot3_node/share/turtlebot3_node/environment/path.sh
[0.161s] -- Up-to-date symlink: /ros_ws/install/turtlebot3_node/share/turtlebot3_node/environment/path.dsv
[0.161s] -- Up-to-date symlink: /ros_ws/install/turtlebot3_node/share/turtlebot3_node/local_setup.bash
[0.161s] -- Up-to-date symlink: /ros_ws/install/turtlebot3_node/share/turtlebot3_node/local_setup.sh
[0.162s] -- Up-to-date symlink: /ros_ws/install/turtlebot3_node/share/turtlebot3_node/local_setup.zsh
[0.162s] -- Up-to-date symlink: /ros_ws/install/turtlebot3_node/share/turtlebot3_node/local_setup.dsv
[0.162s] -- Symlinking: /ros_ws/install/turtlebot3_node/share/turtlebot3_node/package.dsv
[0.173s] -- Up-to-date symlink: /ros_ws/install/turtlebot3_node/share/ament_index/resource_index/packages/turtlebot3_node
[0.174s] -- Up-to-date symlink: /ros_ws/install/turtlebot3_node/share/turtlebot3_node/cmake/ament_cmake_export_dependencies-extras.cmake
[0.174s] -- Up-to-date symlink: /ros_ws/install/turtlebot3_node/share/turtlebot3_node/cmake/ament_cmake_export_include_directories-extras.cmake
[0.174s] -- Up-to-date symlink: /ros_ws/install/turtlebot3_node/share/turtlebot3_node/cmake/turtlebot3_nodeConfig.cmake
[0.174s] -- Up-to-date symlink: /ros_ws/install/turtlebot3_node/share/turtlebot3_node/cmake/turtlebot3_nodeConfig-version.cmake
[0.174s] -- Up-to-date symlink: /ros_ws/install/turtlebot3_node/share/turtlebot3_node/package.xml
[0.176s] Invoked command in '/ros_ws/build/turtlebot3_node' returned '0': CMAKE_PREFIX_PATH=/ros_ws/install/turtlebot3_msgs:/ros_ws/install/turtlebot3:/ros_ws/install/turtlebot3_simulations:/ros_ws/install/turtlebot3_bringup:/ros_ws/install/turtlebot3_node:/ros_ws/install/turtlebot3_navigation2:/ros_ws/install/turtlebot3_fake_node:/ros_ws/install/turtlebot3_manipulation_gazebo:/ros_ws/install/turtlebot3_gazebo:/ros_ws/install/turtlebot3_description:/ros_ws/install/turtlebot3_cartographer:/ros_ws/install/turtlebot3_teleop:/ros_ws/install/turtlebot3_example:/ros_ws/install/robot_navigation:/opt/ros/humble /usr/bin/cmake --install /ros_ws/build/turtlebot3_node
