[0.024s] Invoking command in '/home/milena/trabalho2_robotica_2026/build/turtlebot3_gazebo': CMAKE_PREFIX_PATH=/home/milena/ros2_ws/install/stage_ros2:/home/milena/ros2_ws/install/my_py_pkg:/opt/ros/humble:/home/milena/ros2_ws/install/stage ROS_DOMAIN_ID=222 /usr/bin/cmake /home/milena/trabalho2_robotica_2026/ros_ws/src/turtlebot3_simulations/turtlebot3_gazebo -DCMAKE_INSTALL_PREFIX=/home/milena/trabalho2_robotica_2026/install/turtlebot3_gazebo
[0.125s] -- The C compiler identification is GNU 11.4.0
[0.202s] -- The CXX compiler identification is GNU 11.4.0
[0.209s] -- Detecting C compiler ABI info
[0.262s] -- Detecting C compiler ABI info - done
[0.267s] -- Check for working C compiler: /usr/bin/cc - skipped
[0.267s] -- Detecting C compile features
[0.267s] -- Detecting C compile features - done
[0.270s] -- Detecting CXX compiler ABI info
[0.333s] -- Detecting CXX compiler ABI info - done
[0.343s] -- Check for working CXX compiler: /usr/bin/c++ - skipped
[0.343s] -- Detecting CXX compile features
[0.344s] -- Detecting CXX compile features - done
[0.346s] -- Found ament_cmake: 1.3.14 (/opt/ros/humble/share/ament_cmake/cmake)
[0.477s] -- Found Python3: /usr/bin/python3 (found version "3.10.12") found components: Interpreter 
[0.553s] [31mCMake Error at CMakeLists.txt:23 (find_package):
[0.553s]   By not providing "Findgazebo.cmake" in CMAKE_MODULE_PATH this project has
[0.554s]   asked CMake to find a package configuration file provided by "gazebo", but
[0.554s]   CMake did not find one.
[0.554s] 
[0.554s]   Could not find a package configuration file provided by "gazebo" with any
[0.554s]   of the following names:
[0.554s] 
[0.554s]     gazeboConfig.cmake
[0.554s]     gazebo-config.cmake
[0.554s] 
[0.554s]   Add the installation prefix of "gazebo" to CMAKE_PREFIX_PATH or set
[0.554s]   "gazebo_DIR" to a directory containing one of the above files.  If "gazebo"
[0.555s]   provides a separate development package or SDK, be sure it has been
[0.555s]   installed.
[0.555s] 
[0.555s] [0m
[0.555s] -- Configuring incomplete, errors occurred!
[0.555s] See also "/home/milena/trabalho2_robotica_2026/build/turtlebot3_gazebo/CMakeFiles/CMakeOutput.log".
[0.557s] Invoked command in '/home/milena/trabalho2_robotica_2026/build/turtlebot3_gazebo' returned '1': CMAKE_PREFIX_PATH=/home/milena/ros2_ws/install/stage_ros2:/home/milena/ros2_ws/install/my_py_pkg:/opt/ros/humble:/home/milena/ros2_ws/install/stage ROS_DOMAIN_ID=222 /usr/bin/cmake /home/milena/trabalho2_robotica_2026/ros_ws/src/turtlebot3_simulations/turtlebot3_gazebo -DCMAKE_INSTALL_PREFIX=/home/milena/trabalho2_robotica_2026/install/turtlebot3_gazebo
